# JRE version: Java(TM) SE Runtime Environment (8.0_121-b13) (build 1.8.0_121-b13)
# Java VM: Java HotSpot(TM) 64-Bit Server VM (25.121-b13 mixed mode windows-amd64 compressed oops)
Heap:
 PSYoungGen      total 144384K, used 95612K [0x00000000d5f00000, 0x00000000df700000, 0x0000000100000000)
  eden space 133120K, 65% used [0x00000000d5f00000,0x00000000db4acd40,0x00000000de100000)
  from space 11264K, 69% used [0x00000000dec00000,0x00000000df3b24a0,0x00000000df700000)
  to   space 11264K, 0% used [0x00000000de100000,0x00000000de100000,0x00000000dec00000)
 ParOldGen       total 87552K, used 18998K [0x0000000081c00000, 0x0000000087180000, 0x00000000d5f00000)
  object space 87552K, 21% used [0x0000000081c00000,0x0000000082e8d8f0,0x0000000087180000)
 Metaspace       used 12014K, capacity 12580K, committed 12800K, reserved 1060864K
  class space    used 1539K, capacity 1712K, committed 1792K, reserved 1048576K
GC Heap History (10 events):
Event: 3.022 GC heap before
{Heap before GC invocations=2 (full 0):
 PSYoungGen      total 38400K, used 38376K [0x00000000d5f00000, 0x00000000d8980000, 0x0000000100000000)
  eden space 33280K, 100% used [0x00000000d5f00000,0x00000000d7f80000,0x00000000d7f80000)
  from space 5120K, 99% used [0x00000000d7f80000,0x00000000d847a1e0,0x00000000d8480000)
  to   space 5120K, 0% used [0x00000000d8480000,0x00000000d8480000,0x00000000d8980000)
 ParOldGen       total 87552K, used 3294K [0x0000000081c00000, 0x0000000087180000, 0x00000000d5f00000)
  object space 87552K, 3% used [0x0000000081c00000,0x0000000081f37958,0x0000000087180000)
 Metaspace       used 11370K, capacity 11846K, committed 12032K, reserved 1058816K
  class space    used 1535K, capacity 1711K, committed 1792K, reserved 1048576K
Event: 3.032 GC heap after
Heap after GC invocations=2 (full 0):
 PSYoungGen      total 38400K, used 5091K [0x00000000d5f00000, 0x00000000daa00000, 0x0000000100000000)
  eden space 33280K, 0% used [0x00000000d5f00000,0x00000000d5f00000,0x00000000d7f80000)
  from space 5120K, 99% used [0x00000000d8480000,0x00000000d8978d30,0x00000000d8980000)
  to   space 5120K, 0% used [0x00000000d7f80000,0x00000000d7f80000,0x00000000d8480000)
 ParOldGen       total 87552K, used 5238K [0x0000000081c00000, 0x0000000087180000, 0x00000000d5f00000)
  object space 87552K, 5% used [0x0000000081c00000,0x000000008211d928,0x0000000087180000)
 Metaspace       used 11370K, capacity 11846K, committed 12032K, reserved 1058816K
  class space    used 1535K, capacity 1711K, committed 1792K, reserved 1048576K
}
Event: 3.494 GC heap before
{Heap before GC invocations=3 (full 0):
 PSYoungGen      total 38400K, used 38107K [0x00000000d5f00000, 0x00000000daa00000, 0x0000000100000000)
  eden space 33280K, 99% used [0x00000000d5f00000,0x00000000d7f3e000,0x00000000d7f80000)
  from space 5120K, 99% used [0x00000000d8480000,0x00000000d8978d30,0x00000000d8980000)
  to   space 5120K, 0% used [0x00000000d7f80000,0x00000000d7f80000,0x00000000d8480000)
 ParOldGen       total 87552K, used 5238K [0x0000000081c00000, 0x0000000087180000, 0x00000000d5f00000)
  object space 87552K, 5% used [0x0000000081c00000,0x000000008211d928,0x0000000087180000)
 Metaspace       used 11559K, capacity 12038K, committed 12288K, reserved 1060864K
  class space    used 1536K, capacity 1711K, committed 1792K, reserved 1048576K
Event: 3.505 GC heap after
Heap after GC invocations=3 (full 0):
 PSYoungGen      total 38400K, used 5107K [0x00000000d5f00000, 0x00000000daa00000, 0x0000000100000000)
  eden space 33280K, 0% used [0x00000000d5f00000,0x00000000d5f00000,0x00000000d7f80000)
  from space 5120K, 99% used [0x00000000d7f80000,0x00000000d847cda0,0x00000000d8480000)
  to   space 5120K, 0% used [0x00000000da500000,0x00000000da500000,0x00000000daa00000)
 ParOldGen       total 87552K, used 11274K [0x0000000081c00000, 0x0000000087180000, 0x00000000d5f00000)
  object space 87552K, 12% used [0x0000000081c00000,0x0000000082702830,0x0000000087180000)
 Metaspace       used 11559K, capacity 12038K, committed 12288K, reserved 1060864K
  class space    used 1536K, capacity 1711K, committed 1792K, reserved 1048576K
}
Event: 3.951 GC heap before
{Heap before GC invocations=4 (full 0):
 PSYoungGen      total 38400K, used 38026K [0x00000000d5f00000, 0x00000000daa00000, 0x0000000100000000)
  eden space 33280K, 98% used [0x00000000d5f00000,0x00000000d7f25c08,0x00000000d7f80000)
  from space 5120K, 99% used [0x00000000d7f80000,0x00000000d847cda0,0x00000000d8480000)
  to   space 5120K, 0% used [0x00000000da500000,0x00000000da500000,0x00000000daa00000)
 ParOldGen       total 87552K, used 11899K [0x0000000081c00000, 0x0000000087180000, 0x00000000d5f00000)
  object space 87552K, 13% used [0x0000000081c00000,0x000000008279ec40,0x0000000087180000)
 Metaspace       used 11670K, capacity 12166K, committed 12288K, reserved 1060864K
  class space    used 1536K, capacity 1711K, committed 1792K, reserved 1048576K
Event: 3.964 GC heap after
Heap after GC invocations=4 (full 0):
 PSYoungGen      total 71680K, used 5107K [0x00000000d5f00000, 0x00000000daa00000, 0x0000000100000000)
  eden space 66560K, 0% used [0x00000000d5f00000,0x00000000d5f00000,0x00000000da000000)
  from space 5120K, 99% used [0x00000000da500000,0x00000000da9fcd80,0x00000000daa00000)
  to   space 5120K, 0% used [0x00000000da000000,0x00000000da000000,0x00000000da500000)
 ParOldGen       total 87552K, used 13377K [0x0000000081c00000, 0x0000000087180000, 0x00000000d5f00000)
  object space 87552K, 15% used [0x0000000081c00000,0x0000000082910480,0x0000000087180000)
 Metaspace       used 11670K, capacity 12166K, committed 12288K, reserved 1060864K
  class space    used 1536K, capacity 1711K, committed 1792K, reserved 1048576K
}
Event: 4.954 GC heap before
{Heap before GC invocations=5 (full 0):
 PSYoungGen      total 71680K, used 71667K [0x00000000d5f00000, 0x00000000daa00000, 0x0000000100000000)
  eden space 66560K, 100% used [0x00000000d5f00000,0x00000000da000000,0x00000000da000000)
  from space 5120K, 99% used [0x00000000da500000,0x00000000da9fcd80,0x00000000daa00000)
  to   space 5120K, 0% used [0x00000000da000000,0x00000000da000000,0x00000000da500000)
 ParOldGen       total 87552K, used 16760K [0x0000000081c00000, 0x0000000087180000, 0x00000000d5f00000)
  object space 87552K, 19% used [0x0000000081c00000,0x0000000082c5e1f0,0x0000000087180000)
 Metaspace       used 11858K, capacity 12372K, committed 12544K, reserved 1060864K
  class space    used 1537K, capacity 1712K, committed 1792K, reserved 1048576K
Event: 5.025 GC heap after
Heap after GC invocations=5 (full 0):
 PSYoungGen      total 71680K, used 4969K [0x00000000d5f00000, 0x00000000df700000, 0x0000000100000000)
  eden space 66560K, 0% used [0x00000000d5f00000,0x00000000d5f00000,0x00000000da000000)
  from space 5120K, 97% used [0x00000000da000000,0x00000000da4da620,0x00000000da500000)
  to   space 11264K, 0% used [0x00000000dec00000,0x00000000dec00000,0x00000000df700000)
 ParOldGen       total 87552K, used 18990K [0x0000000081c00000, 0x0000000087180000, 0x00000000d5f00000)
  object space 87552K, 21% used [0x0000000081c00000,0x0000000082e8b8f0,0x0000000087180000)
 Metaspace       used 11858K, capacity 12372K, committed 12544K, reserved 1060864K
  class space    used 1537K, capacity 1712K, committed 1792K, reserved 1048576K
}
Event: 5.945 GC heap before
{Heap before GC invocations=6 (full 0):
 PSYoungGen      total 71680K, used 71529K [0x00000000d5f00000, 0x00000000df700000, 0x0000000100000000)
  eden space 66560K, 100% used [0x00000000d5f00000,0x00000000da000000,0x00000000da000000)
  from space 5120K, 97% used [0x00000000da000000,0x00000000da4da620,0x00000000da500000)
  to   space 11264K, 0% used [0x00000000dec00000,0x00000000dec00000,0x00000000df700000)
 ParOldGen       total 87552K, used 18990K [0x0000000081c00000, 0x0000000087180000, 0x00000000d5f00000)
  object space 87552K, 21% used [0x0000000081c00000,0x0000000082e8b8f0,0x0000000087180000)
 Metaspace       used 11917K, capacity 12452K, committed 12544K, reserved 1060864K
  class space    used 1537K, capacity 1712K, committed 1792K, reserved 1048576K
Event: 5.957 GC heap after
Heap after GC invocations=6 (full 0):
 PSYoungGen      total 144384K, used 7881K [0x00000000d5f00000, 0x00000000df700000, 0x0000000100000000)
  eden space 133120K, 0% used [0x00000000d5f00000,0x00000000d5f00000,0x00000000de100000)
  from space 11264K, 69% used [0x00000000dec00000,0x00000000df3b24a0,0x00000000df700000)
  to   space 11264K, 0% used [0x00000000de100000,0x00000000de100000,0x00000000dec00000)
 ParOldGen       total 87552K, used 18998K [0x0000000081c00000, 0x0000000087180000, 0x00000000d5f00000)
  object space 87552K, 21% used [0x0000000081c00000,0x0000000082e8d8f0,0x0000000087180000)
 Metaspace       used 11917K, capacity 12452K, committed 12544K, reserved 1060864K
  class space    used 1537K, capacity 1712K, committed 1792K, reserved 1048576K
}

